<?xml version="1.0" encoding="UTF-8"?>
<coverage generated="1625424492740" clover="3.2.0">
  <project timestamp="1625424492740" name="All files">
    <metrics statements="61" coveredstatements="49" conditionals="2" coveredconditionals="1" methods="38" coveredmethods="29" elements="101" coveredelements="79" complexity="0" loc="61" ncloc="61" packages="3" files="4" classes="4"/>
    <package name="composition">
      <metrics statements="33" coveredstatements="25" conditionals="0" coveredconditionals="0" methods="15" coveredmethods="8"/>
      <file name="composition.js" path="E:\Javascript\JS-Hard-PartsV2\Brian_Functional\src\composition\composition.js">
        <metrics statements="16" coveredstatements="11" conditionals="0" coveredconditionals="0" methods="9" coveredmethods="4"/>
        <line num="9" count="3" type="stmt"/>
        <line num="13" count="0" type="stmt"/>
        <line num="17" count="4" type="stmt"/>
        <line num="20" count="1" type="stmt"/>
        <line num="21" count="1" type="stmt"/>
        <line num="24" count="1" type="stmt"/>
        <line num="25" count="1" type="stmt"/>
        <line num="28" count="1" type="stmt"/>
        <line num="30" count="1" type="stmt"/>
        <line num="32" count="1" type="stmt"/>
        <line num="34" count="1" type="stmt"/>
        <line num="36" count="0" type="stmt"/>
        <line num="45" count="1" type="stmt"/>
        <line num="46" count="0" type="stmt"/>
        <line num="49" count="0" type="stmt"/>
        <line num="51" count="0" type="stmt"/>
      </file>
      <file name="composition_exercise.js" path="E:\Javascript\JS-Hard-PartsV2\Brian_Functional\src\composition\composition_exercise.js">
        <metrics statements="17" coveredstatements="14" conditionals="0" coveredconditionals="0" methods="6" coveredmethods="4"/>
        <line num="8" count="0" type="stmt"/>
        <line num="9" count="0" type="stmt"/>
        <line num="18" count="3" type="stmt"/>
        <line num="22" count="1" type="stmt"/>
        <line num="26" count="2" type="stmt"/>
        <line num="29" count="2" type="stmt"/>
        <line num="32" count="1" type="stmt"/>
        <line num="33" count="0" type="stmt"/>
        <line num="37" count="1" type="stmt"/>
        <line num="39" count="1" type="stmt"/>
        <line num="41" count="1" type="stmt"/>
        <line num="43" count="1" type="stmt"/>
        <line num="45" count="1" type="stmt"/>
        <line num="52" count="1" type="stmt"/>
        <line num="57" count="1" type="stmt"/>
        <line num="62" count="1" type="stmt"/>
        <line num="64" count="1" type="stmt"/>
      </file>
    </package>
    <package name="curry">
      <metrics statements="7" coveredstatements="6" conditionals="2" coveredconditionals="1" methods="4" coveredmethods="3"/>
      <file name="curry_2.js" path="E:\Javascript\JS-Hard-PartsV2\Brian_Functional\src\curry\curry_2.js">
        <metrics statements="7" coveredstatements="6" conditionals="2" coveredconditionals="1" methods="4" coveredmethods="3"/>
        <line num="4" count="1" type="stmt"/>
        <line num="5" count="0" type="stmt"/>
        <line num="8" count="1" type="stmt"/>
        <line num="12" count="4" type="cond" truecount="1" falsecount="1"/>
        <line num="16" count="1" type="stmt"/>
        <line num="19" count="1" type="stmt"/>
        <line num="20" count="1" type="stmt"/>
      </file>
    </package>
    <package name="functor">
      <metrics statements="21" coveredstatements="18" conditionals="0" coveredconditionals="0" methods="19" coveredmethods="18"/>
      <file name="funtor_exercise.js" path="E:\Javascript\JS-Hard-PartsV2\Brian_Functional\src\functor\funtor_exercise.js">
        <metrics statements="21" coveredstatements="18" conditionals="0" coveredconditionals="0" methods="19" coveredmethods="18"/>
        <line num="2" count="20" type="stmt"/>
        <line num="4" count="10" type="stmt"/>
        <line num="8" count="9" type="stmt"/>
        <line num="11" count="1" type="stmt"/>
        <line num="18" count="3" type="stmt"/>
        <line num="19" count="3" type="stmt"/>
        <line num="20" count="3" type="stmt"/>
        <line num="24" count="3" type="stmt"/>
        <line num="25" count="3" type="stmt"/>
        <line num="26" count="3" type="stmt"/>
        <line num="27" count="3" type="stmt"/>
        <line num="31" count="0" type="stmt"/>
        <line num="32" count="0" type="stmt"/>
        <line num="33" count="0" type="stmt"/>
        <line num="37" count="1" type="stmt"/>
        <line num="39" count="1" type="stmt"/>
        <line num="40" count="1" type="stmt"/>
        <line num="45" count="1" type="stmt"/>
        <line num="47" count="1" type="stmt"/>
        <line num="48" count="1" type="stmt"/>
        <line num="49" count="1" type="stmt"/>
      </file>
    </package>
  </project>
</coverage>
