{"E:\\Javascript\\JS-Hard-PartsV2\\Brian_Functional\\src\\composition\\composition.js": {"path":"E:\\Javascript\\JS-Hard-PartsV2\\Brian_Functional\\src\\composition\\composition.js","statementMap":{"0":{"start":{"line":9,"column":4},"end":{"line":9,"column":29}},"1":{"start":{"line":13,"column":4},"end":{"line":13,"column":21}},"2":{"start":{"line":17,"column":4},"end":{"line":17,"column":18}},"3":{"start":{"line":20,"column":15},"end":{"line":22,"column":2}},"4":{"start":{"line":21,"column":4},"end":{"line":21,"column":17}},"5":{"start":{"line":24,"column":12},"end":{"line":26,"column":2}},"6":{"start":{"line":25,"column":4},"end":{"line":25,"column":36}},"7":{"start":{"line":28,"column":24},"end":{"line":28,"column":68}},"8":{"start":{"line":30,"column":21},"end":{"line":30,"column":60}},"9":{"start":{"line":32,"column":25},"end":{"line":32,"column":61}},"10":{"start":{"line":34,"column":23},"end":{"line":42,"column":1}},"11":{"start":{"line":36,"column":16},"end":{"line":36,"column":28}},"12":{"start":{"line":45,"column":17},"end":{"line":53,"column":1}},"13":{"start":{"line":46,"column":4},"end":{"line":52,"column":18}},"14":{"start":{"line":49,"column":18},"end":{"line":49,"column":26}},"15":{"start":{"line":51,"column":21},"end":{"line":51,"column":33}}},"fnMap":{"0":{"name":"toUpper","decl":{"start":{"line":8,"column":9},"end":{"line":8,"column":16}},"loc":{"start":{"line":8,"column":22},"end":{"line":10,"column":1}},"line":8},"1":{"name":"exclaim","decl":{"start":{"line":12,"column":9},"end":{"line":12,"column":16}},"loc":{"start":{"line":12,"column":22},"end":{"line":14,"column":1}},"line":12},"2":{"name":"first","decl":{"start":{"line":16,"column":9},"end":{"line":16,"column":14}},"loc":{"start":{"line":16,"column":20},"end":{"line":18,"column":1}},"line":16},"3":{"name":"add","decl":{"start":{"line":20,"column":30},"end":{"line":20,"column":33}},"loc":{"start":{"line":20,"column":40},"end":{"line":22,"column":1}},"line":20},"4":{"name":"logger","decl":{"start":{"line":24,"column":27},"end":{"line":24,"column":33}},"loc":{"start":{"line":24,"column":42},"end":{"line":26,"column":1}},"line":24},"5":{"name":"(anonymous_5)","decl":{"start":{"line":36,"column":11},"end":{"line":36,"column":12}},"loc":{"start":{"line":36,"column":16},"end":{"line":36,"column":28}},"line":36},"6":{"name":"(anonymous_6)","decl":{"start":{"line":45,"column":17},"end":{"line":45,"column":18}},"loc":{"start":{"line":45,"column":32},"end":{"line":53,"column":1}},"line":45},"7":{"name":"(anonymous_7)","decl":{"start":{"line":49,"column":13},"end":{"line":49,"column":14}},"loc":{"start":{"line":49,"column":18},"end":{"line":49,"column":26}},"line":49},"8":{"name":"(anonymous_8)","decl":{"start":{"line":51,"column":16},"end":{"line":51,"column":17}},"loc":{"start":{"line":51,"column":21},"end":{"line":51,"column":33}},"line":51}},"branchMap":{},"s":{"0":3,"1":0,"2":4,"3":1,"4":1,"5":1,"6":1,"7":1,"8":1,"9":1,"10":1,"11":0,"12":1,"13":0,"14":0,"15":0},"f":{"0":3,"1":0,"2":4,"3":1,"4":1,"5":0,"6":0,"7":0,"8":0},"b":{},"_coverageSchema":"1a1c01bbd47fc00a2c39e90264f33305004495a9","hash":"291d2dde4e8e8e938b2eb32c020e64f6ba3f9f56"}
,"E:\\Javascript\\JS-Hard-PartsV2\\Brian_Functional\\src\\composition\\composition_exercise.js": {"path":"E:\\Javascript\\JS-Hard-PartsV2\\Brian_Functional\\src\\composition\\composition_exercise.js","statementMap":{"0":{"start":{"line":8,"column":20},"end":{"line":8,"column":30}},"1":{"start":{"line":9,"column":4},"end":{"line":9,"column":36}},"2":{"start":{"line":18,"column":4},"end":{"line":18,"column":17}},"3":{"start":{"line":22,"column":4},"end":{"line":22,"column":48}},"4":{"start":{"line":26,"column":4},"end":{"line":26,"column":19}},"5":{"start":{"line":29,"column":4},"end":{"line":29,"column":57}},"6":{"start":{"line":32,"column":12},"end":{"line":34,"column":2}},"7":{"start":{"line":33,"column":4},"end":{"line":33,"column":36}},"8":{"start":{"line":37,"column":19},"end":{"line":37,"column":39}},"9":{"start":{"line":39,"column":29},"end":{"line":39,"column":60}},"10":{"start":{"line":41,"column":30},"end":{"line":41,"column":57}},"11":{"start":{"line":43,"column":34},"end":{"line":43,"column":77}},"12":{"start":{"line":45,"column":29},"end":{"line":45,"column":76}},"13":{"start":{"line":52,"column":31},"end":{"line":55,"column":1}},"14":{"start":{"line":57,"column":37},"end":{"line":60,"column":1}},"15":{"start":{"line":62,"column":11},"end":{"line":62,"column":23}},"16":{"start":{"line":64,"column":26},"end":{"line":69,"column":1}}},"fnMap":{"0":{"name":"isLastInStack","decl":{"start":{"line":7,"column":9},"end":{"line":7,"column":22}},"loc":{"start":{"line":7,"column":29},"end":{"line":10,"column":1}},"line":7},"1":{"name":"add","decl":{"start":{"line":17,"column":9},"end":{"line":17,"column":12}},"loc":{"start":{"line":17,"column":19},"end":{"line":19,"column":1}},"line":17},"2":{"name":"average","decl":{"start":{"line":21,"column":9},"end":{"line":21,"column":16}},"loc":{"start":{"line":21,"column":22},"end":{"line":23,"column":1}},"line":21},"3":{"name":"formatMoney","decl":{"start":{"line":25,"column":9},"end":{"line":25,"column":20}},"loc":{"start":{"line":25,"column":24},"end":{"line":27,"column":1}},"line":25},"4":{"name":"formatDollarValue","decl":{"start":{"line":28,"column":9},"end":{"line":28,"column":26}},"loc":{"start":{"line":28,"column":30},"end":{"line":30,"column":1}},"line":28},"5":{"name":"logger","decl":{"start":{"line":32,"column":27},"end":{"line":32,"column":33}},"loc":{"start":{"line":32,"column":42},"end":{"line":34,"column":1}},"line":32}},"branchMap":{},"s":{"0":0,"1":0,"2":3,"3":1,"4":2,"5":2,"6":1,"7":0,"8":1,"9":1,"10":1,"11":1,"12":1,"13":1,"14":1,"15":1,"16":1},"f":{"0":0,"1":3,"2":1,"3":2,"4":2,"5":0},"b":{},"_coverageSchema":"1a1c01bbd47fc00a2c39e90264f33305004495a9","hash":"cafa7e3d6d594c10a0a10ecc1da340b76dc8387c"}
,"E:\\Javascript\\JS-Hard-PartsV2\\Brian_Functional\\src\\curry\\curry_2.js": {"path":"E:\\Javascript\\JS-Hard-PartsV2\\Brian_Functional\\src\\curry\\curry_2.js","statementMap":{"0":{"start":{"line":4,"column":14},"end":{"line":6,"column":2}},"1":{"start":{"line":5,"column":4},"end":{"line":5,"column":35}},"2":{"start":{"line":8,"column":14},"end":{"line":8,"column":24}},"3":{"start":{"line":12,"column":4},"end":{"line":12,"column":26}},"4":{"start":{"line":16,"column":4},"end":{"line":16,"column":39}},"5":{"start":{"line":19,"column":19},"end":{"line":21,"column":2}},"6":{"start":{"line":20,"column":4},"end":{"line":20,"column":30}}},"fnMap":{"0":{"name":"splitter","decl":{"start":{"line":4,"column":29},"end":{"line":4,"column":37}},"loc":{"start":{"line":4,"column":57},"end":{"line":6,"column":1}},"line":4},"1":{"name":"keepHighest","decl":{"start":{"line":11,"column":9},"end":{"line":11,"column":20}},"loc":{"start":{"line":11,"column":27},"end":{"line":13,"column":1}},"line":11},"2":{"name":"max","decl":{"start":{"line":15,"column":16},"end":{"line":15,"column":19}},"loc":{"start":{"line":15,"column":25},"end":{"line":17,"column":1}},"line":15},"3":{"name":"sliced","decl":{"start":{"line":19,"column":34},"end":{"line":19,"column":40}},"loc":{"start":{"line":19,"column":54},"end":{"line":21,"column":1}},"line":19}},"branchMap":{"0":{"loc":{"start":{"line":12,"column":11},"end":{"line":12,"column":25}},"type":"cond-expr","locations":[{"start":{"line":12,"column":20},"end":{"line":12,"column":21}},{"start":{"line":12,"column":24},"end":{"line":12,"column":25}}],"line":12}},"s":{"0":1,"1":0,"2":1,"3":4,"4":1,"5":1,"6":1},"f":{"0":0,"1":4,"2":1,"3":1},"b":{"0":[0,4]},"_coverageSchema":"1a1c01bbd47fc00a2c39e90264f33305004495a9","hash":"f38577615573d0fd0a098e20f2d4615b17c06d15"}
,"E:\\Javascript\\JS-Hard-PartsV2\\Brian_Functional\\src\\functor\\funtor_exercise.js": {"path":"E:\\Javascript\\JS-Hard-PartsV2\\Brian_Functional\\src\\functor\\funtor_exercise.js","statementMap":{"0":{"start":{"line":2,"column":4},"end":{"line":13,"column":5}},"1":{"start":{"line":4,"column":12},"end":{"line":4,"column":29}},"2":{"start":{"line":8,"column":12},"end":{"line":8,"column":24}},"3":{"start":{"line":11,"column":12},"end":{"line":11,"column":24}},"4":{"start":{"line":18,"column":4},"end":{"line":20,"column":33}},"5":{"start":{"line":19,"column":18},"end":{"line":19,"column":37}},"6":{"start":{"line":20,"column":19},"end":{"line":20,"column":32}},"7":{"start":{"line":24,"column":4},"end":{"line":27,"column":31}},"8":{"start":{"line":25,"column":18},"end":{"line":25,"column":39}},"9":{"start":{"line":26,"column":18},"end":{"line":26,"column":31}},"10":{"start":{"line":27,"column":19},"end":{"line":27,"column":29}},"11":{"start":{"line":31,"column":18},"end":{"line":31,"column":37}},"12":{"start":{"line":32,"column":20},"end":{"line":32,"column":44}},"13":{"start":{"line":33,"column":4},"end":{"line":33,"column":37}},"14":{"start":{"line":37,"column":4},"end":{"line":41,"column":9}},"15":{"start":{"line":39,"column":12},"end":{"line":40,"column":57}},"16":{"start":{"line":40,"column":33},"end":{"line":40,"column":56}},"17":{"start":{"line":45,"column":4},"end":{"line":49,"column":20}},"18":{"start":{"line":47,"column":12},"end":{"line":48,"column":56}},"19":{"start":{"line":48,"column":32},"end":{"line":48,"column":55}},"20":{"start":{"line":49,"column":18},"end":{"line":49,"column":19}}},"fnMap":{"0":{"name":"Box","decl":{"start":{"line":1,"column":9},"end":{"line":1,"column":12}},"loc":{"start":{"line":1,"column":16},"end":{"line":14,"column":1}},"line":1},"1":{"name":"mapper","decl":{"start":{"line":3,"column":22},"end":{"line":3,"column":28}},"loc":{"start":{"line":3,"column":32},"end":{"line":5,"column":9}},"line":3},"2":{"name":"folder","decl":{"start":{"line":7,"column":23},"end":{"line":7,"column":29}},"loc":{"start":{"line":7,"column":33},"end":{"line":9,"column":9}},"line":7},"3":{"name":"chained","decl":{"start":{"line":10,"column":23},"end":{"line":10,"column":30}},"loc":{"start":{"line":10,"column":33},"end":{"line":12,"column":9}},"line":10},"4":{"name":"moneyToFloat","decl":{"start":{"line":17,"column":16},"end":{"line":17,"column":28}},"loc":{"start":{"line":17,"column":34},"end":{"line":21,"column":1}},"line":17},"5":{"name":"(anonymous_5)","decl":{"start":{"line":19,"column":13},"end":{"line":19,"column":14}},"loc":{"start":{"line":19,"column":18},"end":{"line":19,"column":37}},"line":19},"6":{"name":"(anonymous_6)","decl":{"start":{"line":20,"column":14},"end":{"line":20,"column":15}},"loc":{"start":{"line":20,"column":19},"end":{"line":20,"column":32}},"line":20},"7":{"name":"percentToFloat","decl":{"start":{"line":23,"column":16},"end":{"line":23,"column":30}},"loc":{"start":{"line":23,"column":36},"end":{"line":28,"column":1}},"line":23},"8":{"name":"(anonymous_8)","decl":{"start":{"line":25,"column":13},"end":{"line":25,"column":14}},"loc":{"start":{"line":25,"column":18},"end":{"line":25,"column":39}},"line":25},"9":{"name":"(anonymous_9)","decl":{"start":{"line":26,"column":13},"end":{"line":26,"column":14}},"loc":{"start":{"line":26,"column":18},"end":{"line":26,"column":31}},"line":26},"10":{"name":"(anonymous_10)","decl":{"start":{"line":27,"column":14},"end":{"line":27,"column":15}},"loc":{"start":{"line":27,"column":19},"end":{"line":27,"column":29}},"line":27},"11":{"name":"oldApplyDiscount","decl":{"start":{"line":30,"column":9},"end":{"line":30,"column":25}},"loc":{"start":{"line":30,"column":43},"end":{"line":34,"column":1}},"line":30},"12":{"name":"applyDiscount","decl":{"start":{"line":36,"column":16},"end":{"line":36,"column":29}},"loc":{"start":{"line":36,"column":47},"end":{"line":42,"column":1}},"line":36},"13":{"name":"(anonymous_13)","decl":{"start":{"line":38,"column":14},"end":{"line":38,"column":15}},"loc":{"start":{"line":39,"column":12},"end":{"line":40,"column":57}},"line":39},"14":{"name":"(anonymous_14)","decl":{"start":{"line":40,"column":22},"end":{"line":40,"column":23}},"loc":{"start":{"line":40,"column":33},"end":{"line":40,"column":56}},"line":40},"15":{"name":"newApplyDiscount","decl":{"start":{"line":44,"column":16},"end":{"line":44,"column":32}},"loc":{"start":{"line":44,"column":50},"end":{"line":50,"column":1}},"line":44},"16":{"name":"(anonymous_16)","decl":{"start":{"line":46,"column":15},"end":{"line":46,"column":16}},"loc":{"start":{"line":47,"column":12},"end":{"line":48,"column":56}},"line":47},"17":{"name":"(anonymous_17)","decl":{"start":{"line":48,"column":21},"end":{"line":48,"column":22}},"loc":{"start":{"line":48,"column":32},"end":{"line":48,"column":55}},"line":48},"18":{"name":"(anonymous_18)","decl":{"start":{"line":49,"column":15},"end":{"line":49,"column":16}},"loc":{"start":{"line":49,"column":18},"end":{"line":49,"column":19}},"line":49}},"branchMap":{},"s":{"0":20,"1":10,"2":9,"3":1,"4":3,"5":3,"6":3,"7":3,"8":3,"9":3,"10":3,"11":0,"12":0,"13":0,"14":1,"15":1,"16":1,"17":1,"18":1,"19":1,"20":1},"f":{"0":20,"1":10,"2":9,"3":1,"4":3,"5":3,"6":3,"7":3,"8":3,"9":3,"10":3,"11":0,"12":1,"13":1,"14":1,"15":1,"16":1,"17":1,"18":1},"b":{},"_coverageSchema":"1a1c01bbd47fc00a2c39e90264f33305004495a9","hash":"45255397e976f62ed9db0260e7a83b84869a4b75"}
}
