TN:
SF:src\composition\composition.js
FN:8,toUpper
FN:12,exclaim
FN:16,first
FN:20,add
FN:24,logger
FN:36,(anonymous_5)
FN:45,(anonymous_6)
FN:49,(anonymous_7)
FN:51,(anonymous_8)
FNF:9
FNH:4
FNDA:3,toUpper
FNDA:0,exclaim
FNDA:4,first
FNDA:1,add
FNDA:1,logger
FNDA:0,(anonymous_5)
FNDA:0,(anonymous_6)
FNDA:0,(anonymous_7)
FNDA:0,(anonymous_8)
DA:9,3
DA:13,0
DA:17,4
DA:20,1
DA:21,1
DA:24,1
DA:25,1
DA:28,1
DA:30,1
DA:32,1
DA:34,1
DA:36,0
DA:45,1
DA:46,0
DA:49,0
DA:51,0
LF:16
LH:11
BRF:0
BRH:0
end_of_record
TN:
SF:src\composition\composition_exercise.js
FN:7,isLastInStack
FN:17,add
FN:21,average
FN:25,formatMoney
FN:28,formatDollarValue
FN:32,logger
FNF:6
FNH:4
FNDA:0,isLastInStack
FNDA:3,add
FNDA:1,average
FNDA:2,formatMoney
FNDA:2,formatDollarValue
FNDA:0,logger
DA:8,0
DA:9,0
DA:18,3
DA:22,1
DA:26,2
DA:29,2
DA:32,1
DA:33,0
DA:37,1
DA:39,1
DA:41,1
DA:43,1
DA:45,1
DA:52,1
DA:57,1
DA:62,1
DA:64,1
LF:17
LH:14
BRF:0
BRH:0
end_of_record
TN:
SF:src\curry\curry_2.js
FN:4,splitter
FN:11,keepHighest
FN:15,max
FN:19,sliced
FNF:4
FNH:3
FNDA:0,splitter
FNDA:4,keepHighest
FNDA:1,max
FNDA:1,sliced
DA:4,1
DA:5,0
DA:8,1
DA:12,4
DA:16,1
DA:19,1
DA:20,1
LF:7
LH:6
BRDA:12,0,0,0
BRDA:12,0,1,4
BRF:2
BRH:1
end_of_record
